Removed Pin From Net: NetName=RX Pin=JP2-1
Removed Pin From Net: NetName=RST Pin=JP2-2
Removed Pin From Net: NetName=RS Pin=JP2-3
Removed Pin From Net: NetName=RW Pin=JP2-4
Removed Pin From Net: NetName=E Pin=JP2-5
Removed Pin From Net: NetName=D4 Pin=JP2-6
Removed Pin From Net: NetName=D5 Pin=JP2-7
Removed Pin From Net: NetName=D6 Pin=JP2-8
Removed Pin From Net: NetName=D7 Pin=JP2-9
Removed Pin From Net: NetName=P1.0 Pin=JP2-10
Removed Pin From Net: NetName=TX Pin=JP4-10
Change Component Footprint: Designator=JP2 Old Footprint=Header10 New Footprint=Header9
Change Component Footprint: Designator=JP4 Old Footprint=Header10 New Footprint=Header9
Change Component Comment : Designator=JP2 Old Comment=JP10 New Comment=JP9
Change Component Comment : Designator=JP4 Old Comment=JP10 New Comment=JP9
Change component parameters: Designator = "JP2" ("JP2"); Footprint = "Header10"; UniqueID = "\CHCFCNMW" ("\CHCFCNMW")
Change component parameters (AddParameter): Name = "Value"; Value = "Connector 9"; VariantName = "[No Variations]"
Change component parameters: Designator = "JP4" ("JP4"); Footprint = "Header10"; UniqueID = "\BEMQCMEA" ("\BEMQCMEA")
Change component parameters (AddParameter): Name = "Value"; Value = "Connector 9"; VariantName = "[No Variations]"
Added Pin To Net: NetName=RST Pin=JP2-1
Added Pin To Net: NetName=RS Pin=JP2-2
Added Pin To Net: NetName=RW Pin=JP2-3
Added Pin To Net: NetName=E Pin=JP2-4
Added Pin To Net: NetName=D4 Pin=JP2-5
Added Pin To Net: NetName=D5 Pin=JP2-6
Added Pin To Net: NetName=D6 Pin=JP2-7
Added Pin To Net: NetName=D7 Pin=JP2-8
Added Pin To Net: NetName=P1.0 Pin=JP2-9
